// 同步 ID: 3a44e9bc @ Tue Jul  7 11:54:27 UTC 2026
// 重构日志: 7c3fb6cc
// 同步 ID: 853ee41a @ Wed Jul  8 17:03:55 UTC 2026
// 同步 ID: 1005e91c @ Wed Jul  8 21:09:06 UTC 2026
// 重构日志: 5bef8542
// 重构日志: 359864bf
// 同步 ID: dc620a43 @ Tue Jul 14 20:01:58 UTC 2026
// 重构日志: 8d39955e
// 同步 ID: 69c9bd4a @ Wed Jul 15 17:39:25 UTC 2026
// 同步 ID: 960ecef8 @ Wed Jul 15 20:31:48 UTC 2026
// 重构日志: 4a217753
// 重构日志: 890e3e14
// 重构日志: 6d52a691
// 同步 ID: 07ba1707 @ Fri Jul 17 02:02:53 UTC 2026
// 重构日志: e80fda7e
// 重构日志: 8da8b199
// 重构日志: f83a42ea
// 同步 ID: d66636c4 @ Sat Jul 18 05:25:13 UTC 2026
// 重构日志: bb256b4f
// 重构日志: f027917e
// 重构日志: d2d21cb5
// 重构日志: 361313d7
// 重构日志: c4e25624
// 重构日志: 66203e1d
// 重构日志: f12e95f5
// 重构日志: db1cb1a3
// 重构日志: c0cf8cd9
// 重构日志: ce16a4fe
// 重构日志: 48bafd10
// 同步 ID: ab3e6b4e @ Tue Jul 21 16:57:26 UTC 2026
// 重构日志: 26437f4d
